22:17:43.869 [com.intuit.karate.cli.Main.main()] INFO  com.intuit.karate - Karate version: 1.4.1
22:17:44.454 [com.intuit.karate.cli.Main.main()] DEBUG com.intuit.karate.Suite - [config] classpath:karate-config.js
22:17:44.512 [com.intuit.karate.cli.Main.main()] INFO  c.intuit.karate.core.FeatureRuntime - found scenario at line: 7
22:17:46.165 [com.intuit.karate.cli.Main.main()] INFO  com.intuit.karate - karate.env system property was: null 
22:17:46.598 [com.intuit.karate.cli.Main.main()] DEBUG com.intuit.karate - request:
1 > GET https://api.realworld.io/api/tags
1 > Host: api.realworld.io
1 > Connection: Keep-Alive
1 > User-Agent: Apache-HttpClient/4.5.14 (Java/21.0.1)
1 > Accept-Encoding: gzip,deflate


22:17:47.588 [com.intuit.karate.cli.Main.main()] DEBUG com.intuit.karate - response time in milliseconds: 981
1 < 200
1 < Date: Fri, 05 Jul 2024 02:17:47 GMT
1 < Content-Type: application/json; charset=utf-8
1 < Transfer-Encoding: chunked
1 < Connection: keep-alive
1 < Report-To: {"group":"heroku-nel","max_age":3600,"endpoints":[{"url":"https://nel.heroku.com/reports?ts=1720145867&sid=c46efe9b-d3d2-4a0c-8c76-bfafa16c5add&s=P4awKfO5PAMFtLVLGZPjiv8tEFYv1d8AXqAbO0vzjS0%3D"}]}
1 < Reporting-Endpoints: heroku-nel=https://nel.heroku.com/reports?ts=1720145867&sid=c46efe9b-d3d2-4a0c-8c76-bfafa16c5add&s=P4awKfO5PAMFtLVLGZPjiv8tEFYv1d8AXqAbO0vzjS0%3D
1 < Nel: {"report_to":"heroku-nel","max_age":3600,"success_fraction":0.005,"failure_fraction":0.05,"response_headers":["Via"]}
1 < X-Powered-By: Express
1 < Access-Control-Allow-Origin: *
1 < Etag: W/"6a-U6mJh2BTg5dyO/Fac+g9jhbqqwY"
1 < Via: 1.1 vegur
1 < CF-Cache-Status: DYNAMIC
1 < Server: cloudflare
1 < CF-RAY: 89e3dc57aaa874aa-MIA
1 < alt-svc: h3=":443"; ma=86400
{"tags":["eos","est","ipsum","enim","repellat","quia","exercitationem","consequatur","facilis","tenetur"]}

22:17:48.514 [com.intuit.karate.cli.Main.main()] INFO  com.intuit.karate.Suite - <<pass>> feature 1 of 1 (0 remaining) src/test/java/conduitApp/feature/HomePage.feature
